2024-07-27 11:19:25 INFO  TC001_AccountRegistrationTest:15 - ***** Starting TC001_AccountRegistrationTest  ****
2024-07-27 11:19:26 INFO  TC001_AccountRegistrationTest:21 - Clicked on MyAccount Link.. 
2024-07-27 11:19:27 INFO  TC001_AccountRegistrationTest:24 - Clicked on Register Link.. 
2024-07-27 11:19:27 INFO  TC001_AccountRegistrationTest:28 - Providing customer details...
2024-07-27 11:19:29 INFO  TC001_AccountRegistrationTest:42 - Validating expected message..
2024-07-27 11:19:29 INFO  TC001_AccountRegistrationTest:47 - Test passed
2024-07-27 11:19:29 INFO  TC001_AccountRegistrationTest:56 - ***** Finished TC001_AccountRegistrationTest *****
2024-07-27 11:19:34 INFO  TC_002_LoginTest:17 - **** Starting TC_002_LoginTest  ****
2024-07-27 11:19:35 INFO  TC_002_LoginTest:24 - clicked on myaccount link on the home page..
2024-07-27 11:19:36 INFO  TC_002_LoginTest:26 - clicked on login link under myaccount..
2024-07-27 11:19:36 INFO  TC_002_LoginTest:30 - Entering valid email and password..
2024-07-27 11:19:37 INFO  TC_002_LoginTest:34 - clicked on ligin button..
2024-07-27 11:23:18 INFO  TC001_AccountRegistrationTest:15 - ***** Starting TC001_AccountRegistrationTest  ****
2024-07-27 11:23:19 INFO  TC001_AccountRegistrationTest:21 - Clicked on MyAccount Link.. 
2024-07-27 11:23:20 INFO  TC001_AccountRegistrationTest:24 - Clicked on Register Link.. 
2024-07-27 11:23:20 INFO  TC001_AccountRegistrationTest:28 - Providing customer details...
2024-07-27 11:23:21 INFO  TC001_AccountRegistrationTest:42 - Validating expected message..
2024-07-27 11:23:22 INFO  TC001_AccountRegistrationTest:47 - Test passed
2024-07-27 11:23:22 INFO  TC001_AccountRegistrationTest:56 - ***** Finished TC001_AccountRegistrationTest *****
2024-07-27 11:23:26 INFO  TC_002_LoginTest:17 - **** Starting TC_002_LoginTest  ****
2024-07-27 11:23:27 INFO  TC_002_LoginTest:24 - clicked on myaccount link on the home page..
2024-07-27 11:23:28 INFO  TC_002_LoginTest:26 - clicked on login link under myaccount..
2024-07-27 11:23:28 INFO  TC_002_LoginTest:30 - Entering valid email and password..
2024-07-27 11:23:29 INFO  TC_002_LoginTest:34 - clicked on ligin button..
2024-07-27 11:24:42 INFO  TC001_AccountRegistrationTest:15 - ***** Starting TC001_AccountRegistrationTest  ****
2024-07-27 11:24:43 INFO  TC001_AccountRegistrationTest:21 - Clicked on MyAccount Link.. 
2024-07-27 11:24:44 INFO  TC001_AccountRegistrationTest:24 - Clicked on Register Link.. 
2024-07-27 11:24:44 INFO  TC001_AccountRegistrationTest:28 - Providing customer details...
2024-07-27 11:24:46 INFO  TC001_AccountRegistrationTest:42 - Validating expected message..
2024-07-27 11:24:46 INFO  TC001_AccountRegistrationTest:47 - Test passed
2024-07-27 11:24:46 INFO  TC001_AccountRegistrationTest:56 - ***** Finished TC001_AccountRegistrationTest *****
2024-07-27 11:24:51 INFO  TC_002_LoginTest:17 - **** Starting TC_002_LoginTest  ****
2024-07-27 11:24:52 INFO  TC_002_LoginTest:24 - clicked on myaccount link on the home page..
2024-07-27 11:24:52 INFO  TC_002_LoginTest:26 - clicked on login link under myaccount..
2024-07-27 11:24:52 INFO  TC_002_LoginTest:30 - Entering valid email and password..
2024-07-27 11:24:53 INFO  TC_002_LoginTest:34 - clicked on ligin button..
2024-07-27 11:26:10 INFO  Utils:112 - [TestNG] Running:
  D:\Software Testing\Automation Testing\Opencart_V1.2.1\master.xml

2024-07-27 11:26:17 INFO  TC001_AccountRegistrationTest:15 - ***** Starting TC001_AccountRegistrationTest  ****
2024-07-27 11:26:18 INFO  TC001_AccountRegistrationTest:21 - Clicked on MyAccount Link.. 
2024-07-27 11:26:19 INFO  TC001_AccountRegistrationTest:24 - Clicked on Register Link.. 
2024-07-27 11:26:19 INFO  TC001_AccountRegistrationTest:28 - Providing customer details...
2024-07-27 11:26:21 INFO  TC001_AccountRegistrationTest:42 - Validating expected message..
2024-07-27 11:26:21 INFO  TC001_AccountRegistrationTest:47 - Test passed
2024-07-27 11:26:21 INFO  TC001_AccountRegistrationTest:56 - ***** Finished TC001_AccountRegistrationTest *****
2024-07-27 11:26:26 INFO  TC_002_LoginTest:17 - **** Starting TC_002_LoginTest  ****
2024-07-27 11:26:27 INFO  TC_002_LoginTest:24 - clicked on myaccount link on the home page..
2024-07-27 11:26:27 INFO  TC_002_LoginTest:26 - clicked on login link under myaccount..
2024-07-27 11:26:27 INFO  TC_002_LoginTest:30 - Entering valid email and password..
2024-07-27 11:26:28 INFO  TC_002_LoginTest:34 - clicked on ligin button..
2024-07-27 11:28:04 INFO  Utils:112 - [TestNG] Running:
  D:\Software Testing\Automation Testing\Opencart_V1.2.1\master.xml

2024-07-27 11:28:11 INFO  TC001_AccountRegistrationTest:15 - ***** Starting TC001_AccountRegistrationTest  ****
2024-07-27 11:28:12 INFO  TC001_AccountRegistrationTest:21 - Clicked on MyAccount Link.. 
2024-07-27 11:28:13 INFO  TC001_AccountRegistrationTest:24 - Clicked on Register Link.. 
2024-07-27 11:28:13 INFO  TC001_AccountRegistrationTest:28 - Providing customer details...
2024-07-27 11:28:15 INFO  TC001_AccountRegistrationTest:42 - Validating expected message..
2024-07-27 11:28:15 INFO  TC001_AccountRegistrationTest:47 - Test passed
2024-07-27 11:28:15 INFO  TC001_AccountRegistrationTest:56 - ***** Finished TC001_AccountRegistrationTest *****
2024-07-27 11:28:20 INFO  TC_002_LoginTest:17 - **** Starting TC_002_LoginTest  ****
2024-07-27 11:28:21 INFO  TC_002_LoginTest:24 - clicked on myaccount link on the home page..
2024-07-27 11:28:22 INFO  TC_002_LoginTest:26 - clicked on login link under myaccount..
2024-07-27 11:28:22 INFO  TC_002_LoginTest:30 - Entering valid email and password..
2024-07-27 11:28:22 INFO  TC_002_LoginTest:34 - clicked on ligin button..
2024-07-27 11:33:22 INFO  TC001_AccountRegistrationTest:15 - ***** Starting TC001_AccountRegistrationTest  ****
2024-07-27 11:33:23 INFO  TC001_AccountRegistrationTest:21 - Clicked on MyAccount Link.. 
2024-07-27 11:33:24 INFO  TC001_AccountRegistrationTest:24 - Clicked on Register Link.. 
2024-07-27 11:33:24 INFO  TC001_AccountRegistrationTest:28 - Providing customer details...
2024-07-27 11:33:26 INFO  TC001_AccountRegistrationTest:42 - Validating expected message..
2024-07-27 11:33:26 INFO  TC001_AccountRegistrationTest:47 - Test passed
2024-07-27 11:33:26 INFO  TC001_AccountRegistrationTest:56 - ***** Finished TC001_AccountRegistrationTest *****
2024-07-27 11:33:30 INFO  TC_002_LoginTest:17 - **** Starting TC_002_LoginTest  ****
2024-07-27 11:33:31 INFO  TC_002_LoginTest:24 - clicked on myaccount link on the home page..
2024-07-27 11:33:32 INFO  TC_002_LoginTest:26 - clicked on login link under myaccount..
2024-07-27 11:33:32 INFO  TC_002_LoginTest:30 - Entering valid email and password..
2024-07-27 11:33:33 INFO  TC_002_LoginTest:34 - clicked on ligin button..
2024-07-27 11:38:55 INFO  TC001_AccountRegistrationTest:15 - ***** Starting TC001_AccountRegistrationTest  ****
2024-07-27 11:38:56 INFO  TC001_AccountRegistrationTest:21 - Clicked on MyAccount Link.. 
2024-07-27 11:38:57 INFO  TC001_AccountRegistrationTest:24 - Clicked on Register Link.. 
2024-07-27 11:38:57 INFO  TC001_AccountRegistrationTest:28 - Providing customer details...
2024-07-27 11:39:00 INFO  TC001_AccountRegistrationTest:42 - Validating expected message..
2024-07-27 11:39:00 INFO  TC001_AccountRegistrationTest:47 - Test passed
2024-07-27 11:39:00 INFO  TC001_AccountRegistrationTest:56 - ***** Finished TC001_AccountRegistrationTest *****
2024-07-27 11:39:05 INFO  TC_002_LoginTest:17 - **** Starting TC_002_LoginTest  ****
2024-07-27 11:39:06 INFO  TC_002_LoginTest:24 - clicked on myaccount link on the home page..
2024-07-27 11:39:06 INFO  TC_002_LoginTest:26 - clicked on login link under myaccount..
2024-07-27 11:39:06 INFO  TC_002_LoginTest:30 - Entering valid email and password..
2024-07-27 11:39:07 INFO  TC_002_LoginTest:34 - clicked on ligin button..
2024-07-27 11:43:45 INFO  TC001_AccountRegistrationTest:15 - ***** Starting TC001_AccountRegistrationTest  ****
2024-07-27 11:43:46 INFO  TC001_AccountRegistrationTest:21 - Clicked on MyAccount Link.. 
2024-07-27 11:43:46 INFO  TC001_AccountRegistrationTest:24 - Clicked on Register Link.. 
2024-07-27 11:43:46 INFO  TC001_AccountRegistrationTest:28 - Providing customer details...
2024-07-27 11:43:48 INFO  TC001_AccountRegistrationTest:42 - Validating expected message..
2024-07-27 11:43:48 INFO  TC001_AccountRegistrationTest:47 - Test passed
2024-07-27 11:43:48 INFO  TC001_AccountRegistrationTest:56 - ***** Finished TC001_AccountRegistrationTest *****
2024-07-27 11:43:53 INFO  TC_002_LoginTest:17 - **** Starting TC_002_LoginTest  ****
2024-07-27 11:43:54 INFO  TC_002_LoginTest:24 - clicked on myaccount link on the home page..
2024-07-27 11:43:55 INFO  TC_002_LoginTest:26 - clicked on login link under myaccount..
2024-07-27 11:43:55 INFO  TC_002_LoginTest:30 - Entering valid email and password..
2024-07-27 11:43:55 INFO  TC_002_LoginTest:34 - clicked on ligin button..
2024-07-27 12:00:11 INFO  TC001_AccountRegistrationTest:15 - ***** Starting TC001_AccountRegistrationTest  ****
2024-07-27 12:00:12 INFO  TC001_AccountRegistrationTest:21 - Clicked on MyAccount Link.. 
2024-07-27 12:00:12 INFO  TC001_AccountRegistrationTest:24 - Clicked on Register Link.. 
2024-07-27 12:00:12 INFO  TC001_AccountRegistrationTest:28 - Providing customer details...
2024-07-27 12:00:14 INFO  TC001_AccountRegistrationTest:42 - Validating expected message..
2024-07-27 12:00:14 INFO  TC001_AccountRegistrationTest:47 - Test passed
2024-07-27 12:00:14 INFO  TC001_AccountRegistrationTest:56 - ***** Finished TC001_AccountRegistrationTest *****
2024-07-27 12:00:19 INFO  TC_002_LoginTest:17 - **** Starting TC_002_LoginTest  ****
2024-07-27 12:00:20 INFO  TC_002_LoginTest:24 - clicked on myaccount link on the home page..
2024-07-27 12:00:21 INFO  TC_002_LoginTest:26 - clicked on login link under myaccount..
2024-07-27 12:00:21 INFO  TC_002_LoginTest:30 - Entering valid email and password..
2024-07-27 12:00:22 INFO  TC_002_LoginTest:34 - clicked on ligin button..
2024-07-27 12:02:42 INFO  TC001_AccountRegistrationTest:15 - ***** Starting TC001_AccountRegistrationTest  ****
2024-07-27 12:02:43 INFO  TC001_AccountRegistrationTest:21 - Clicked on MyAccount Link.. 
2024-07-27 12:02:44 INFO  TC001_AccountRegistrationTest:24 - Clicked on Register Link.. 
2024-07-27 12:02:44 INFO  TC001_AccountRegistrationTest:28 - Providing customer details...
2024-07-27 12:02:46 INFO  TC001_AccountRegistrationTest:42 - Validating expected message..
2024-07-27 12:02:46 INFO  TC001_AccountRegistrationTest:47 - Test passed
2024-07-27 12:02:46 INFO  TC001_AccountRegistrationTest:56 - ***** Finished TC001_AccountRegistrationTest *****
2024-07-27 12:02:53 INFO  TC_002_LoginTest:17 - **** Starting TC_002_LoginTest  ****
2024-07-27 12:02:53 INFO  TC_002_LoginTest:24 - clicked on myaccount link on the home page..
2024-07-27 12:02:53 INFO  TC_002_LoginTest:26 - clicked on login link under myaccount..
2024-07-27 12:02:53 INFO  TC_002_LoginTest:30 - Entering valid email and password..
2024-07-27 12:02:54 INFO  TC_002_LoginTest:34 - clicked on ligin button..
2024-07-27 12:18:05 INFO  TC001_AccountRegistrationTest:15 - ***** Starting TC001_AccountRegistrationTest  ****
2024-07-27 12:18:06 INFO  TC001_AccountRegistrationTest:21 - Clicked on MyAccount Link.. 
2024-07-27 12:18:07 INFO  TC001_AccountRegistrationTest:24 - Clicked on Register Link.. 
2024-07-27 12:18:07 INFO  TC001_AccountRegistrationTest:28 - Providing customer details...
2024-07-27 12:18:09 INFO  TC001_AccountRegistrationTest:42 - Validating expected message..
2024-07-27 12:18:09 INFO  TC001_AccountRegistrationTest:47 - Test passed
2024-07-27 12:18:09 INFO  TC001_AccountRegistrationTest:56 - ***** Finished TC001_AccountRegistrationTest *****
2024-07-27 12:18:14 INFO  TC_002_LoginTest:17 - **** Starting TC_002_LoginTest  ****
2024-07-27 12:18:15 INFO  TC_002_LoginTest:24 - clicked on myaccount link on the home page..
2024-07-27 12:18:15 INFO  TC_002_LoginTest:26 - clicked on login link under myaccount..
2024-07-27 12:18:15 INFO  TC_002_LoginTest:30 - Entering valid email and password..
2024-07-27 12:18:16 INFO  TC_002_LoginTest:34 - clicked on ligin button..
2024-07-27 14:35:56 INFO  TC001_AccountRegistrationTest:15 - ***** Starting TC001_AccountRegistrationTest  ****
2024-07-27 14:35:57 INFO  TC001_AccountRegistrationTest:21 - Clicked on MyAccount Link.. 
2024-07-27 14:35:58 INFO  TC001_AccountRegistrationTest:24 - Clicked on Register Link.. 
2024-07-27 14:35:58 INFO  TC001_AccountRegistrationTest:28 - Providing customer details...
2024-07-27 14:36:00 INFO  TC001_AccountRegistrationTest:42 - Validating expected message..
2024-07-27 14:36:00 INFO  TC001_AccountRegistrationTest:47 - Test passed
2024-07-27 14:36:00 INFO  TC001_AccountRegistrationTest:56 - ***** Finished TC001_AccountRegistrationTest *****
2024-07-27 14:36:05 INFO  TC_002_LoginTest:17 - **** Starting TC_002_LoginTest  ****
2024-07-27 14:36:06 INFO  TC_002_LoginTest:24 - clicked on myaccount link on the home page..
2024-07-27 14:36:07 INFO  TC_002_LoginTest:26 - clicked on login link under myaccount..
2024-07-27 14:36:07 INFO  TC_002_LoginTest:30 - Entering valid email and password..
2024-07-27 14:36:08 INFO  TC_002_LoginTest:34 - clicked on ligin button..
2024-07-27 14:36:08 INFO  TC_002_LoginTest:48 - **** Finished TC_002_LoginTest  ****
